[11:28:38 PM - ROUTING] POST /sample
[11:29:25 PM - ROUTING] POST /sample
[11:29:26 PM - INFO] REST Resource Documentation Complete
[11:29:26 PM - INFO] Server Started
[11:30:19 PM - ROUTING] POST /sample
[11:30:21 PM - INFO] REST Resource Documentation Complete
[11:30:21 PM - INFO] Server Started
[11:30:36 PM - ROUTING] POST /sample
[11:30:37 PM - INFO] REST Resource Documentation Complete
[11:30:37 PM - INFO] Server Started
[11:31:02 PM - ROUTING] POST /sample
[11:31:03 PM - INFO] REST Resource Documentation Complete
[11:31:03 PM - INFO] Server Started
[11:31:19 PM - QUERY] SELECt 1
[11:31:19 PM - QUERY] SELECT 1
[11:31:19 PM - QUERY] SELECT 1
[11:31:19 PM - QUERY] SELECT 1
[11:31:19 PM - QUERY] SELECT 1
[11:31:19 PM - QUERY] SELECT 1
[11:31:19 PM - QUERY] SELECT 1
[11:31:19 PM - QUERY] SELECT 1
[11:31:19 PM - QUERY] SELECT 1
[11:31:19 PM - QUERY] SELECT 1
[11:31:19 PM - QUERY] SELECT 1
[11:31:19 PM - QUERY] SELECT 1
[11:31:19 PM - QUERY] SELECT 1
[11:31:19 PM - QUERY] SELECT 1
[11:31:19 PM - QUERY] SELECT 1
[11:31:19 PM - QUERY] SELECT 1
[11:31:19 PM - QUERY] SELECT 1
[11:31:19 PM - QUERY] SELECT 1
[11:31:19 PM - QUERY] SELECT 1
[11:31:19 PM - QUERY] SELECT 1
[11:31:19 PM - QUERY] SELECT 1
[11:31:19 PM - QUERY] SELECT 1
[11:31:19 PM - QUERY] SELECT 1
[11:31:19 PM - QUERY] SELECT 1
[11:31:19 PM - QUERY] SELECT 1
[11:31:19 PM - QUERY] SELECT 1
[11:31:19 PM - QUERY] SELECT 1
[11:31:19 PM - QUERY] SELECT 1
[11:31:19 PM - QUERY] SELECT 1
[11:31:19 PM - QUERY] SELECT 1
[11:31:19 PM - QUERY] SELECT 1
[11:31:19 PM - QUERY] SELECT 1
[11:31:19 PM - QUERY] SELECT 1
[11:31:19 PM - QUERY] SELECT 1
[11:31:19 PM - QUERY] SELECT 1
[11:31:19 PM - QUERY] SELECT 1
[11:31:19 PM - QUERY] SELECT 1
[11:31:19 PM - QUERY] SELECT 1
[11:31:19 PM - QUERY] SELECT 1
[11:31:19 PM - QUERY] SELECT 1
[11:31:19 PM - QUERY] SELECT 1
[11:31:19 PM - QUERY] SELECT 1
[11:31:19 PM - QUERY] SELECT 1
[11:31:19 PM - QUERY] SELECT 1
[11:31:19 PM - QUERY] SELECT 1
[11:31:19 PM - QUERY] SELECT 1
[11:31:19 PM - QUERY] SELECT 1
[11:31:19 PM - QUERY] SELECT 1
[11:31:19 PM - QUERY] SELECT 1
[11:31:19 PM - QUERY] SELECT 1
[11:31:19 PM - QUERY] SELECT 1
[11:31:19 PM - QUERY] SELECT 1
[11:31:19 PM - QUERY] SELECT 1
[11:31:19 PM - QUERY] SELECT 1
[11:31:19 PM - QUERY] SELECT 1
[11:31:19 PM - QUERY] SELECT 1
[11:31:19 PM - QUERY] SELECT 1
[11:31:19 PM - QUERY] SELECT 1
[11:31:19 PM - QUERY] SELECT 1
[11:31:19 PM - QUERY] SELECT 1
[11:31:19 PM - QUERY] SELECT 1
[11:31:19 PM - QUERY] SELECT 1
[11:31:19 PM - QUERY] SELECT 1
[11:31:19 PM - QUERY] SELECT 1
[11:31:19 PM - QUERY] SELECT 1
[11:31:19 PM - QUERY] SELECT 1
[11:31:19 PM - QUERY] SELECT 1
[11:31:19 PM - QUERY] SELECT 1
[11:31:19 PM - QUERY] SELECT 1
[11:31:19 PM - QUERY] SELECT 1
[11:31:19 PM - QUERY] SELECT 1
[11:31:19 PM - QUERY] SELECT 1
[11:31:19 PM - QUERY] SELECT 1
[11:31:19 PM - QUERY] SELECT 1
[11:31:19 PM - QUERY] SELECT 1
[11:31:19 PM - QUERY] SELECT 1
[11:31:19 PM - QUERY] SELECT 1
[11:31:19 PM - QUERY] SELECT 1
[11:31:19 PM - QUERY] SELECT 1
[11:31:19 PM - QUERY] SELECT 1
[11:31:19 PM - QUERY] SELECT 1
[11:31:19 PM - QUERY] SELECT 1
[11:31:19 PM - QUERY] SELECT 1
[11:31:19 PM - QUERY] SELECT 1
[11:31:19 PM - QUERY] SELECT 1
[11:31:19 PM - QUERY] SELECT 1
[11:31:19 PM - QUERY] SELECT 1
[11:31:19 PM - QUERY] SELECT 1
[11:31:19 PM - QUERY] SELECT 1
[11:31:19 PM - QUERY] SELECT 1
[11:31:19 PM - QUERY] SELECT 1
[11:31:19 PM - QUERY] SELECT 1
[11:31:19 PM - QUERY] SELECT 1
[11:31:19 PM - QUERY] SELECT 1
[11:31:19 PM - QUERY] SELECT 1
[11:31:19 PM - QUERY] SELECT 1
[11:31:19 PM - QUERY] SELECT 1
[11:31:19 PM - QUERY] SELECT 1
[11:31:19 PM - QUERY] SELECT 1
[11:31:19 PM - QUERY] SELECT 1
[11:31:19 PM - QUERY] SELECT 1
[11:31:19 PM - QUERY] SELECT 1
[11:31:19 PM - QUERY] SELECT 1
[11:31:19 PM - QUERY] SELECT 1
[11:31:19 PM - QUERY] SELECT 1
[11:31:19 PM - QUERY] SELECT 1
[11:31:19 PM - QUERY] SELECT 1
[11:31:19 PM - QUERY] SELECT 1
[11:31:19 PM - QUERY] SELECT 1
[11:31:19 PM - QUERY] SELECT 1
[11:31:19 PM - QUERY] SELECT 1
[11:31:19 PM - QUERY] SELECT 1
[11:31:19 PM - QUERY] SELECT 1
[11:31:19 PM - QUERY] SELECT 1
[11:31:19 PM - QUERY] SELECT 1
[11:31:19 PM - QUERY] SELECT 1
[11:31:19 PM - QUERY] SELECT 1
[11:31:19 PM - QUERY] SELECT 1
[11:31:19 PM - QUERY] SELECT 1
[11:31:19 PM - QUERY] SELECT 1
[11:31:19 PM - QUERY] SELECT 1
[11:31:19 PM - QUERY] SELECT 1
[11:31:19 PM - QUERY] SELECT 1
[11:31:19 PM - QUERY] SELECT 1
[11:31:19 PM - QUERY] SELECT 1
[11:31:19 PM - QUERY] SELECT 1
[11:31:19 PM - QUERY] SELECT 1
[11:31:19 PM - QUERY] SELECT 1
[11:31:19 PM - QUERY] SELECT 1
[11:31:19 PM - QUERY] SELECT 1
[11:31:19 PM - QUERY] SELECT 1
[11:31:19 PM - QUERY] SELECT 1
[11:31:19 PM - QUERY] SELECT 1
[11:31:19 PM - QUERY] SELECT 1
[11:31:19 PM - QUERY] SELECT 1
[11:31:19 PM - QUERY] SELECT 1
[11:31:19 PM - QUERY] SELECT 1
[11:31:19 PM - QUERY] SELECT 1
[11:31:19 PM - QUERY] SELECT 1
[11:31:19 PM - QUERY] SELECT 1
[11:31:19 PM - QUERY] SELECT 1
[11:31:19 PM - QUERY] SELECT 1
[11:31:19 PM - QUERY] SELECT 1
[11:31:19 PM - QUERY] SELECT 1
[11:31:19 PM - QUERY] SELECT 1
[11:31:19 PM - QUERY] SELECT 1
[11:31:19 PM - QUERY] SELECT 1
[11:31:19 PM - QUERY] SELECT 1
[11:31:19 PM - QUERY] SELECT 1
[11:31:19 PM - QUERY] SELECT 1
[11:31:19 PM - QUERY] SELECT 1
[11:31:19 PM - QUERY] SELECT 1
[11:31:19 PM - QUERY] SELECT 1
[11:31:19 PM - QUERY] SELECT 1
[11:31:19 PM - QUERY] SELECT 1
[11:31:19 PM - QUERY] SELECT 1
[11:31:19 PM - QUERY] SELECT 1
[11:31:19 PM - QUERY] SELECT 1
[11:31:19 PM - QUERY] SELECT 1
[11:31:19 PM - QUERY] SELECT 1
[11:31:19 PM - QUERY] SELECT 1
[11:31:19 PM - QUERY] SELECT 1
[11:31:19 PM - QUERY] SELECT 1
[11:31:19 PM - QUERY] SELECT 1
[11:31:19 PM - QUERY] SELECT 1
[11:31:19 PM - QUERY] SELECT 1
[11:31:19 PM - QUERY] SELECT 1
[11:31:19 PM - QUERY] SELECT 1
[11:31:19 PM - QUERY] SELECT 1
[11:31:19 PM - QUERY] SELECT 1
[11:31:19 PM - QUERY] SELECT 1
[11:31:19 PM - QUERY] SELECT 1
[11:31:19 PM - QUERY] SELECT 1
[11:31:19 PM - QUERY] SELECT 1
[11:31:19 PM - QUERY] SELECT 1
[11:31:19 PM - QUERY] SELECT 1
[11:31:19 PM - QUERY] SELECT 1
[11:31:19 PM - QUERY] SELECT 1
[11:31:19 PM - QUERY] SELECT 1
[11:31:19 PM - QUERY] SELECT 1
[11:31:19 PM - QUERY] SELECT 1
[11:31:19 PM - QUERY] SELECT 1
[11:31:19 PM - QUERY] SELECT 1
[11:31:19 PM - QUERY] SELECT 1
[11:31:19 PM - QUERY] SELECT 1
[11:31:19 PM - QUERY] SELECT 1
[11:31:19 PM - QUERY] SELECT 1
[11:31:19 PM - QUERY] SELECT 1
[11:31:20 PM - QUERY] SELECT 1
[11:31:20 PM - QUERY] SELECT 1
[11:31:20 PM - QUERY] SELECT 1
[11:31:20 PM - QUERY] SELECT 1
[11:31:20 PM - QUERY] SELECT 1
[11:31:20 PM - QUERY] SELECT 1
[11:31:20 PM - QUERY] SELECT 1
[11:31:20 PM - QUERY] SELECT 1
[11:31:20 PM - QUERY] SELECT 1
[11:31:20 PM - QUERY] SELECT 1
[11:31:20 PM - QUERY] SELECT 1
[11:31:20 PM - QUERY] SELECT 1
[11:31:20 PM - QUERY] SELECT 1
[11:31:20 PM - QUERY] SELECT 1
[11:31:20 PM - QUERY] SELECT 1
[11:31:20 PM - QUERY] SELECT 1
[11:31:20 PM - QUERY] SELECT 1
[11:31:20 PM - QUERY] SELECT 1
[11:31:20 PM - QUERY] SELECT 1
[11:31:20 PM - QUERY] SELECT 1
[11:31:20 PM - QUERY] SELECT 1
[11:31:20 PM - QUERY] SELECT 1
[11:31:20 PM - QUERY] SELECT 1
[11:31:20 PM - QUERY] SELECT 1
[11:31:20 PM - QUERY] SELECT 1
[11:31:20 PM - QUERY] SELECT 1
[11:31:20 PM - QUERY] SELECT 1
[11:31:20 PM - QUERY] SELECT 1
[11:31:20 PM - QUERY] SELECT 1
[11:31:20 PM - QUERY] SELECT 1
[11:31:20 PM - QUERY] SELECT 1
[11:31:20 PM - QUERY] SELECT 1
[11:31:20 PM - QUERY] SELECT 1
[11:31:20 PM - QUERY] SELECT 1
[11:31:20 PM - QUERY] SELECT 1
[11:31:20 PM - QUERY] SELECT 1
[11:31:20 PM - QUERY] SELECT 1
[11:31:20 PM - QUERY] SELECT 1
[11:31:20 PM - QUERY] SELECT 1
[11:31:20 PM - QUERY] SELECT 1
[11:31:20 PM - QUERY] SELECT 1
[11:31:20 PM - QUERY] SELECT 1
[11:31:20 PM - QUERY] SELECT 1
[11:31:20 PM - QUERY] SELECT 1
[11:31:20 PM - QUERY] SELECT 1
[11:31:20 PM - QUERY] SELECT 1
[11:31:20 PM - QUERY] SELECT 1
[11:31:20 PM - QUERY] SELECT 1
[11:31:20 PM - QUERY] SELECT 1
[11:31:20 PM - QUERY] SELECT 1
[11:31:20 PM - QUERY] SELECT 1
[11:31:20 PM - QUERY] SELECT 1
[11:31:20 PM - QUERY] SELECT 1
[11:31:20 PM - QUERY] SELECT 1
[11:31:20 PM - QUERY] SELECT 1
[11:31:20 PM - QUERY] SELECT 1
[11:31:20 PM - QUERY] SELECT 1
[11:31:20 PM - QUERY] SELECT 1
[11:31:20 PM - QUERY] SELECT 1
[11:31:20 PM - QUERY] SELECT 1
[11:31:20 PM - QUERY] SELECT 1
[11:31:20 PM - QUERY] SELECT 1
[11:31:20 PM - QUERY] SELECT 1
[11:31:20 PM - QUERY] SELECT 1
[11:31:20 PM - QUERY] SELECT 1
[11:31:20 PM - QUERY] SELECT 1
[11:31:20 PM - QUERY] SELECT 1
[11:31:20 PM - QUERY] SELECT 1
[11:31:20 PM - QUERY] SELECT 1
[11:31:20 PM - QUERY] SELECT 1
[11:31:20 PM - QUERY] SELECT 1
[11:31:20 PM - QUERY] SELECT 1
[11:31:20 PM - QUERY] SELECT 1
[11:31:20 PM - QUERY] SELECT 1
[11:31:20 PM - QUERY] SELECT 1
[11:31:20 PM - QUERY] SELECT 1
[11:31:20 PM - QUERY] SELECT 1
[11:31:20 PM - QUERY] SELECT 1
[11:31:20 PM - QUERY] SELECT 1
[11:31:20 PM - QUERY] SELECT 1
[11:31:20 PM - QUERY] SELECT 1
[11:31:20 PM - QUERY] SELECT 1
[11:31:20 PM - QUERY] SELECT 1
[11:31:20 PM - QUERY] SELECT 1
[11:31:20 PM - QUERY] SELECT 1
[11:31:20 PM - QUERY] SELECT 1
[11:31:20 PM - QUERY] SELECT 1
[11:31:20 PM - QUERY] SELECT 1
[11:31:20 PM - QUERY] SELECT 1
[11:31:20 PM - QUERY] SELECT 1
[11:31:20 PM - QUERY] SELECT 1
[11:31:20 PM - QUERY] SELECT 1
[11:31:20 PM - QUERY] SELECT 1
[11:31:20 PM - QUERY] SELECT 1
[11:31:20 PM - QUERY] SELECT 1
[11:31:20 PM - QUERY] SELECT 1
[11:31:20 PM - QUERY] SELECT 1
[11:31:20 PM - QUERY] SELECT 1
[11:31:20 PM - QUERY] SELECT 1
[11:31:20 PM - QUERY] SELECT 1
[11:31:20 PM - QUERY] SELECT 1
[11:31:20 PM - QUERY] SELECT 1
[11:31:20 PM - QUERY] SELECT 1
[11:31:20 PM - QUERY] SELECT 1
[11:31:20 PM - QUERY] SELECT 1
[11:31:20 PM - QUERY] SELECT 1
[11:31:20 PM - QUERY] SELECT 1
[11:31:20 PM - QUERY] SELECT 1
[11:31:20 PM - QUERY] SELECT 1
[11:31:20 PM - QUERY] SELECT 1
[11:31:20 PM - QUERY] SELECT 1
[11:31:20 PM - QUERY] SELECT 1
[11:31:20 PM - QUERY] SELECT 1
[11:31:20 PM - QUERY] SELECT 1
[11:31:20 PM - QUERY] SELECT 1
[11:31:20 PM - QUERY] SELECT 1
[11:31:20 PM - QUERY] SELECT 1
[11:31:20 PM - QUERY] SELECT 1
[11:31:20 PM - QUERY] SELECT 1
[11:31:20 PM - QUERY] SELECT 1
[11:31:20 PM - QUERY] SELECT 1
[11:31:20 PM - QUERY] SELECT 1
[11:31:20 PM - QUERY] SELECT 1
[11:31:20 PM - QUERY] SELECT 1
[11:31:20 PM - QUERY] SELECT 1
[11:31:20 PM - QUERY] SELECT 1
[11:31:20 PM - QUERY] SELECT 1
[11:31:20 PM - QUERY] SELECT 1
[11:31:20 PM - QUERY] SELECT 1
[11:31:20 PM - QUERY] SELECT 1
[11:31:20 PM - QUERY] SELECT 1
[11:31:20 PM - QUERY] SELECT 1
[11:31:20 PM - QUERY] SELECT 1
[11:31:20 PM - QUERY] SELECT 1
[11:31:20 PM - QUERY] SELECT 1
[11:31:20 PM - QUERY] SELECT 1
[11:31:20 PM - QUERY] SELECT 1
[11:31:20 PM - QUERY] SELECT 1
[11:31:20 PM - QUERY] SELECT 1
[11:31:20 PM - QUERY] SELECT 1
[11:31:20 PM - QUERY] SELECT 1
[11:31:20 PM - QUERY] SELECT 1
[11:31:20 PM - QUERY] SELECT 1
[11:31:20 PM - QUERY] SELECT 1
[11:31:20 PM - QUERY] SELECT 1
[11:31:20 PM - QUERY] SELECT 1
[11:31:20 PM - QUERY] SELECT 1
[11:31:20 PM - QUERY] SELECT 1
[11:31:20 PM - QUERY] SELECT 1
[11:31:20 PM - QUERY] SELECT 1
[11:31:20 PM - QUERY] SELECT 1
[11:31:20 PM - QUERY] SELECT 1
[11:31:20 PM - QUERY] SELECT 1
[11:31:20 PM - QUERY] SELECT 1
[11:31:20 PM - QUERY] SELECT 1
[11:31:20 PM - QUERY] SELECT 1
[11:31:20 PM - QUERY] SELECT 1
[11:31:20 PM - QUERY] SELECT 1
[11:31:20 PM - QUERY] SELECT 1
[11:31:20 PM - QUERY] SELECT 1
[11:31:20 PM - QUERY] SELECT 1
[11:31:20 PM - QUERY] SELECT 1
[11:31:20 PM - QUERY] SELECT 1
[11:31:20 PM - QUERY] SELECT 1
[11:31:20 PM - QUERY] SELECT 1
[11:31:20 PM - QUERY] SELECT 1
[11:31:20 PM - QUERY] SELECT 1
[11:31:20 PM - QUERY] SELECT 1
[11:31:20 PM - QUERY] SELECT 1
[11:31:20 PM - QUERY] SELECT 1
[11:31:20 PM - QUERY] SELECT 1
[11:31:20 PM - QUERY] SELECT 1
[11:31:20 PM - QUERY] SELECT 1
[11:31:20 PM - QUERY] SELECT 1
[11:31:20 PM - QUERY] SELECT 1
[11:31:20 PM - QUERY] SELECT 1
[11:31:20 PM - QUERY] SELECT 1
[11:31:20 PM - QUERY] SELECT 1
[11:31:20 PM - QUERY] SELECT 1
[11:31:20 PM - QUERY] SELECT 1
[11:31:20 PM - QUERY] SELECT 1
[11:31:20 PM - QUERY] SELECT 1
[11:31:20 PM - QUERY] SELECT 1
[11:31:20 PM - QUERY] SELECT 1
[11:31:20 PM - QUERY] SELECT 1
[11:31:20 PM - QUERY] SELECT 1
[11:31:20 PM - QUERY] SELECT 1
[11:31:20 PM - QUERY] SELECT 1
[11:31:20 PM - QUERY] SELECT 1
[11:31:20 PM - QUERY] SELECT 1
[11:31:20 PM - QUERY] SELECT 1
[11:31:20 PM - QUERY] SELECT 1
[11:31:20 PM - QUERY] SELECT 1
[11:31:20 PM - QUERY] SELECT 1
[11:31:20 PM - QUERY] SELECT 1
[11:31:20 PM - QUERY] SELECT 1
[11:31:20 PM - QUERY] SELECT 1
[11:31:20 PM - QUERY] SELECT 1
[11:31:20 PM - QUERY] SELECT 1
[11:31:20 PM - QUERY] SELECT 1
[11:31:20 PM - QUERY] SELECT 1
[11:31:20 PM - QUERY] SELECT 1
[11:31:20 PM - QUERY] SELECT 1
[11:31:20 PM - QUERY] SELECT 1
[11:31:20 PM - QUERY] SELECT 1
[11:31:44 PM - QUERY] SELECt 1
[11:31:44 PM - ROUTING] POST /sample
[11:31:45 PM - QUERY] SELECT 1
[11:31:45 PM - INFO] REST Resource Documentation Complete
[11:31:45 PM - INFO] Server Started
[11:31:46 PM - QUERY] SELECT 1
[11:31:47 PM - QUERY] SELECT 1
[11:31:48 PM - QUERY] SELECT 1
[11:31:49 PM - QUERY] SELECT 1
[11:31:50 PM - QUERY] SELECT 1
[11:31:51 PM - QUERY] SELECT 1
[11:31:52 PM - QUERY] SELECT 1
[11:31:53 PM - QUERY] SELECT 1
[11:31:54 PM - QUERY] SELECT 1
[11:31:55 PM - QUERY] SELECT 1
[11:32:09 PM - ROUTING] POST /sample
[11:32:11 PM - INFO] REST Resource Documentation Complete
[11:32:11 PM - INFO] Server Started
[11:32:38 PM - ROUTING] POST /sample
[11:32:39 PM - INFO] REST Resource Documentation Complete
[11:32:39 PM - INFO] Server Started
[11:33:03 PM - QUERY] SELECT 1
[11:33:04 PM - QUERY] SELECT 1
[11:33:05 PM - QUERY] SELECT 1
[11:33:06 PM - QUERY] SELECT 1
[11:33:07 PM - QUERY] SELECT 1
[11:33:08 PM - QUERY] SELECT 1
